#-----------------------------------------------------------
# Vivado v2018.2 (64-bit)
# SW Build 2258646 on Thu Jun 14 20:02:38 MDT 2018
# IP Build 2256618 on Thu Jun 14 22:10:49 MDT 2018
# Start of session at: Fri Jun  3 10:42:48 2022
# Process ID: 9035
# Current directory: /home/sedira/Insa-prog/rendre/Projet_Compilateur/Compilateur
# Command line: vivado
# Log file: /home/sedira/Insa-prog/rendre/Projet_Compilateur/Compilateur/vivado.log
# Journal file: /home/sedira/Insa-prog/rendre/Projet_Compilateur/Compilateur/vivado.jou
#-----------------------------------------------------------
start_gui
open_project /home/sedira/Insa-prog/projet_sys/Projet_Compilateur/MicroProcesseur/MicroProcesseur.xpr
Scanning sources...
Finished scanning sources
INFO: [IP_Flow 19-234] Refreshing IP repositories
INFO: [IP_Flow 19-1704] No user IP repositories specified
INFO: [IP_Flow 19-2313] Loaded Vivado IP repository '/usr/local/insa/Xilinx.VIVADO/Vivado/2018.2/data/ip'.
open_project: Time (s): cpu = 00:00:12 ; elapsed = 00:00:14 . Memory (MB): peak = 6152.125 ; gain = 113.168 ; free physical = 3721 ; free virtual = 14772
update_compile_order -fileset sources_1
exit
INFO: [Common 17-206] Exiting Vivado at Fri Jun  3 10:46:18 2022...
