
*** Running vivado
    with args -log MicroProcesseur.vds -m64 -product Vivado -mode batch -messageDb vivado.pb -notrace -source MicroProcesseur.tcl


****** Vivado v2018.2 (64-bit)
  **** SW Build 2258646 on Thu Jun 14 20:02:38 MDT 2018
  **** IP Build 2256618 on Thu Jun 14 22:10:49 MDT 2018
    ** Copyright 1986-2018 Xilinx, Inc. All Rights Reserved.

source MicroProcesseur.tcl -notrace
Command: synth_design -top MicroProcesseur -part xc7a35tcpg236-1
Starting synth_design
Attempting to get a license for feature 'Synthesis' and/or device 'xc7a35t'
INFO: [Common 17-349] Got license for feature 'Synthesis' and/or device 'xc7a35t'
INFO: Launching helper process for spawning children vivado processes
INFO: Helper process launched with PID 176894 
---------------------------------------------------------------------------------
Starting Synthesize : Time (s): cpu = 00:00:01 ; elapsed = 00:00:02 . Memory (MB): peak = 1255.273 ; gain = 83.828 ; free physical = 54953 ; free virtual = 68724
---------------------------------------------------------------------------------
ERROR: [Synth 8-944] 0 definitions of operator "+" match here [/home/sedira/Insa-prog/rendre/Projet_Compilateur/MicroProcesseur/MicroProcesseur.srcs/sources_1/new/MicroProcesseur.vhd:323]
INFO: [Synth 8-2810] unit behavioral ignored due to previous errors [/home/sedira/Insa-prog/rendre/Projet_Compilateur/MicroProcesseur/MicroProcesseur.srcs/sources_1/new/MicroProcesseur.vhd:40]
---------------------------------------------------------------------------------
Finished Synthesize : Time (s): cpu = 00:00:02 ; elapsed = 00:00:03 . Memory (MB): peak = 1298.898 ; gain = 127.453 ; free physical = 54963 ; free virtual = 68733
---------------------------------------------------------------------------------
synthesize failed
INFO: [Common 17-83] Releasing license: Synthesis
3 Infos, 0 Warnings, 0 Critical Warnings and 2 Errors encountered.
synth_design failed
ERROR: [Common 17-69] Command failed: Vivado Synthesis failed
INFO: [Common 17-206] Exiting Vivado at Thu Jun  2 22:59:38 2022...
