INFO: [VRFC 10-163] Analyzing VHDL file "/home/sedira/Insa-prog/projet_sys/ArchiMat/MicroProcesseur/MicroProcesseur.srcs/sources_1/new/ALU.vhd" into library xil_defaultlib
INFO: [VRFC 10-307] analyzing entity ALU
INFO: [VRFC 10-163] Analyzing VHDL file "/home/sedira/Insa-prog/projet_sys/ArchiMat/MicroProcesseur/MicroProcesseur.srcs/sources_1/new/ALU.vhd" into library xil_defaultlib
INFO: [VRFC 10-307] analyzing entity ALU
INFO: [VRFC 10-163] Analyzing VHDL file "/home/sedira/Insa-prog/projet_sys/ArchiMat/MicroProcesseur/MicroProcesseur.srcs/sim_1/new/Test_Alu.vhd" into library xil_defaultlib
INFO: [VRFC 10-307] analyzing entity Test_Alu
INFO: [VRFC 10-163] Analyzing VHDL file "/home/sedira/Insa-prog/projet_sys/ArchiMat/MicroProcesseur/MicroProcesseur.srcs/sim_1/new/Test_Alu.vhd" into library xil_defaultlib
INFO: [VRFC 10-307] analyzing entity Test_Alu
INFO: [VRFC 10-163] Analyzing VHDL file "/home/sedira/Insa-prog/projet_sys/ArchiMat/MicroProcesseur/MicroProcesseur.srcs/sources_1/new/ALU.vhd" into library xil_defaultlib
INFO: [VRFC 10-307] analyzing entity ALU
INFO: [VRFC 10-163] Analyzing VHDL file "/home/sedira/Insa-prog/projet_sys/ArchiMat/MicroProcesseur/MicroProcesseur.srcs/sources_1/new/ALU.vhd" into library xil_defaultlib
INFO: [VRFC 10-307] analyzing entity ALU
INFO: [VRFC 10-163] Analyzing VHDL file "/home/sedira/Insa-prog/projet_sys/ArchiMat/MicroProcesseur/MicroProcesseur.srcs/sources_1/new/ALU.vhd" into library xil_defaultlib
INFO: [VRFC 10-307] analyzing entity ALU
INFO: [VRFC 10-163] Analyzing VHDL file "/home/sedira/Insa-prog/projet_sys/ArchiMat/MicroProcesseur/MicroProcesseur.srcs/sources_1/new/ALU.vhd" into library xil_defaultlib
INFO: [VRFC 10-307] analyzing entity ALU
INFO: [VRFC 10-163] Analyzing VHDL file "/home/sedira/Insa-prog/projet_sys/ArchiMat/MicroProcesseur/MicroProcesseur.srcs/sim_1/new/Test_Alu.vhd" into library xil_defaultlib
INFO: [VRFC 10-307] analyzing entity Test_Alu
INFO: [VRFC 10-163] Analyzing VHDL file "/home/sedira/Insa-prog/projet_sys/ArchiMat/MicroProcesseur/MicroProcesseur.srcs/sim_1/new/Test_Alu.vhd" into library xil_defaultlib
INFO: [VRFC 10-307] analyzing entity Test_Alu
INFO: [VRFC 10-163] Analyzing VHDL file "/home/sedira/Insa-prog/projet_sys/ArchiMat/MicroProcesseur/MicroProcesseur.srcs/sources_1/new/ALU.vhd" into library xil_defaultlib
INFO: [VRFC 10-307] analyzing entity ALU
INFO: [VRFC 10-163] Analyzing VHDL file "/home/sedira/Insa-prog/projet_sys/ArchiMat/MicroProcesseur/MicroProcesseur.srcs/sources_1/new/ALU.vhd" into library xil_defaultlib
INFO: [VRFC 10-307] analyzing entity ALU
INFO: [VRFC 10-163] Analyzing VHDL file "/home/sedira/Insa-prog/projet_sys/ArchiMat/MicroProcesseur/MicroProcesseur.srcs/sim_1/new/Test_Alu.vhd" into library xil_defaultlib
INFO: [VRFC 10-307] analyzing entity Test_Alu
INFO: [VRFC 10-163] Analyzing VHDL file "/home/sedira/Insa-prog/projet_sys/ArchiMat/MicroProcesseur/MicroProcesseur.srcs/sim_1/new/Test_Alu.vhd" into library xil_defaultlib
INFO: [VRFC 10-307] analyzing entity Test_Alu
INFO: [VRFC 10-163] Analyzing VHDL file "/home/sedira/Insa-prog/projet_sys/ArchiMat/MicroProcesseur/MicroProcesseur.srcs/sources_1/new/ALU.vhd" into library xil_defaultlib
INFO: [VRFC 10-307] analyzing entity ALU
INFO: [VRFC 10-163] Analyzing VHDL file "/home/sedira/Insa-prog/projet_sys/ArchiMat/MicroProcesseur/MicroProcesseur.srcs/sources_1/new/ALU.vhd" into library xil_defaultlib
INFO: [VRFC 10-307] analyzing entity ALU
INFO: [VRFC 10-163] Analyzing VHDL file "/home/sedira/Insa-prog/projet_sys/ArchiMat/MicroProcesseur/MicroProcesseur.srcs/sources_1/new/ALU.vhd" into library xil_defaultlib
INFO: [VRFC 10-307] analyzing entity ALU
INFO: [VRFC 10-163] Analyzing VHDL file "/home/sedira/Insa-prog/projet_sys/ArchiMat/MicroProcesseur/MicroProcesseur.srcs/sources_1/new/ALU.vhd" into library xil_defaultlib
INFO: [VRFC 10-307] analyzing entity ALU
INFO: [VRFC 10-163] Analyzing VHDL file "/home/sedira/Insa-prog/projet_sys/ArchiMat/MicroProcesseur/MicroProcesseur.srcs/sources_1/new/ALU.vhd" into library xil_defaultlib
INFO: [VRFC 10-307] analyzing entity ALU
INFO: [VRFC 10-163] Analyzing VHDL file "/home/sedira/Insa-prog/projet_sys/ArchiMat/MicroProcesseur/MicroProcesseur.srcs/sim_1/new/Test_Alu.vhd" into library xil_defaultlib
INFO: [VRFC 10-307] analyzing entity Test_Alu
INFO: [VRFC 10-163] Analyzing VHDL file "/home/sedira/Insa-prog/projet_sys/ArchiMat/MicroProcesseur/MicroProcesseur.srcs/sim_1/new/Test_Alu.vhd" into library xil_defaultlib
INFO: [VRFC 10-307] analyzing entity Test_Alu
INFO: [VRFC 10-163] Analyzing VHDL file "/home/sedira/Insa-prog/projet_sys/ArchiMat/MicroProcesseur/MicroProcesseur.srcs/sources_1/new/ALU.vhd" into library xil_defaultlib
INFO: [VRFC 10-307] analyzing entity ALU
INFO: [VRFC 10-163] Analyzing VHDL file "/home/sedira/Insa-prog/projet_sys/ArchiMat/MicroProcesseur/MicroProcesseur.srcs/sources_1/new/Bench_Register.vhd" into library xil_defaultlib
INFO: [VRFC 10-307] analyzing entity Bench_Register
INFO: [VRFC 10-163] Analyzing VHDL file "/home/sedira/Insa-prog/projet_sys/ArchiMat/MicroProcesseur/MicroProcesseur.srcs/sim_1/new/Test_Bench_Register.vhd" into library xil_defaultlib
INFO: [VRFC 10-307] analyzing entity Test_Bench_Register
INFO: [VRFC 10-163] Analyzing VHDL file "/home/sedira/Insa-prog/projet_sys/ArchiMat/MicroProcesseur/MicroProcesseur.srcs/sim_1/new/Test_Bench_Register.vhd" into library xil_defaultlib
INFO: [VRFC 10-307] analyzing entity Test_Bench_Register
INFO: [VRFC 10-163] Analyzing VHDL file "/home/sedira/Insa-prog/projet_sys/ArchiMat/MicroProcesseur/MicroProcesseur.srcs/sources_1/new/Bench_Register.vhd" into library xil_defaultlib
INFO: [VRFC 10-307] analyzing entity Bench_Register
INFO: [VRFC 10-163] Analyzing VHDL file "/home/sedira/Insa-prog/projet_sys/ArchiMat/MicroProcesseur/MicroProcesseur.srcs/sim_1/new/Test_Bench_Register.vhd" into library xil_defaultlib
INFO: [VRFC 10-307] analyzing entity Test_Bench_Register
INFO: [VRFC 10-163] Analyzing VHDL file "/home/sedira/Insa-prog/projet_sys/ArchiMat/MicroProcesseur/MicroProcesseur.srcs/sim_1/new/Test_Bench_Register.vhd" into library xil_defaultlib
INFO: [VRFC 10-307] analyzing entity Test_Bench_Register
INFO: [VRFC 10-163] Analyzing VHDL file "/home/sedira/Insa-prog/projet_sys/ArchiMat/MicroProcesseur/MicroProcesseur.srcs/sim_1/new/Test_Bench_Register.vhd" into library xil_defaultlib
INFO: [VRFC 10-307] analyzing entity Test_Bench_Register
INFO: [VRFC 10-163] Analyzing VHDL file "/home/sedira/Insa-prog/projet_sys/ArchiMat/MicroProcesseur/MicroProcesseur.srcs/sim_1/new/Test_Bench_Register.vhd" into library xil_defaultlib
INFO: [VRFC 10-307] analyzing entity Test_Bench_Register
INFO: [VRFC 10-163] Analyzing VHDL file "/home/sedira/Insa-prog/projet_sys/ArchiMat/MicroProcesseur/MicroProcesseur.srcs/sim_1/new/Test_Bench_Register.vhd" into library xil_defaultlib
INFO: [VRFC 10-307] analyzing entity Test_Bench_Register
INFO: [VRFC 10-163] Analyzing VHDL file "/home/sedira/Insa-prog/projet_sys/ArchiMat/MicroProcesseur/MicroProcesseur.srcs/sim_1/new/Test_Bench_Register.vhd" into library xil_defaultlib
INFO: [VRFC 10-307] analyzing entity Test_Bench_Register
INFO: [VRFC 10-163] Analyzing VHDL file "/home/sedira/Insa-prog/projet_sys/ArchiMat/MicroProcesseur/MicroProcesseur.srcs/sim_1/new/Test_Bench_Register.vhd" into library xil_defaultlib
INFO: [VRFC 10-307] analyzing entity Test_Bench_Register
